<?xml version="1.0" encoding="UTF-8"?>
<!-- Generated by org.testng.reporters.JUnitXMLReporter -->
<testsuite hostname="DESKTOP-3R0NMM2" ignored="0" name="Default test" tests="8" failures="1" timestamp="2020-07-06T11:07:14 IST" time="133.83" errors="0">
  <testcase name="@BeforeMethod loadUrl" time="12.155" classname="com.clearcode.testsuite.TestSetup">
    <failure type="org.openqa.selenium.WebDriverException" message="chrome not reachable
  (Session info: chrome=83.0.4103.116)
Build info: version: &amp;apos;3.141.59&amp;apos;, revision: &amp;apos;e82be7d358&amp;apos;, time: &amp;apos;2018-11-14T08:17:03&amp;apos;
System info: host: &amp;apos;DESKTOP-3R0NMM2&amp;apos;, ip: &amp;apos;192.168.43.175&amp;apos;, os.name: &amp;apos;Windows 10&amp;apos;, os.arch: &amp;apos;amd64&amp;apos;, os.version: &amp;apos;10.0&amp;apos;, java.version: &amp;apos;1.8.0_231&amp;apos;
Driver info: org.openqa.selenium.chrome.ChromeDriver
Capabilities {acceptInsecureCerts: false, browserName: chrome, browserVersion: 83.0.4103.116, chrome: {chromedriverVersion: 83.0.4103.39 (ccbf011cb2d2b..., userDataDir: C:\Users\AKASHD~1\AppData\L...}, goog:chromeOptions: {debuggerAddress: localhost:64891}, javascriptEnabled: true, networkConnectionEnabled: false, pageLoadStrategy: normal, platform: WINDOWS, platformName: WINDOWS, proxy: Proxy(), setWindowRect: true, strictFileInteractability: false, timeouts: {implicit: 0, pageLoad: 300000, script: 30000}, unhandledPromptBehavior: dismiss and notify, webauthn:virtualAuthenticators: true}
Session ID: 50b11ae1a515c620957600421b86d0c6">
      <![CDATA[org.openqa.selenium.WebDriverException: chrome not reachable
  (Session info: chrome=83.0.4103.116)
Build info: version: '3.141.59', revision: 'e82be7d358', time: '2018-11-14T08:17:03'
System info: host: 'DESKTOP-3R0NMM2', ip: '192.168.43.175', os.name: 'Windows 10', os.arch: 'amd64', os.version: '10.0', java.version: '1.8.0_231'
Driver info: org.openqa.selenium.chrome.ChromeDriver
Capabilities {acceptInsecureCerts: false, browserName: chrome, browserVersion: 83.0.4103.116, chrome: {chromedriverVersion: 83.0.4103.39 (ccbf011cb2d2b..., userDataDir: C:\Users\AKASHD~1\AppData\L...}, goog:chromeOptions: {debuggerAddress: localhost:64891}, javascriptEnabled: true, networkConnectionEnabled: false, pageLoadStrategy: normal, platform: WINDOWS, platformName: WINDOWS, proxy: Proxy(), setWindowRect: true, strictFileInteractability: false, timeouts: {implicit: 0, pageLoad: 300000, script: 30000}, unhandledPromptBehavior: dismiss and notify, webauthn:virtualAuthenticators: true}
Session ID: 50b11ae1a515c620957600421b86d0c6
at sun.reflect.NativeConstructorAccessorImpl.newInstance0(Native Method)
at sun.reflect.NativeConstructorAccessorImpl.newInstance(Unknown Source)
at sun.reflect.DelegatingConstructorAccessorImpl.newInstance(Unknown Source)
at java.lang.reflect.Constructor.newInstance(Unknown Source)
at org.openqa.selenium.remote.http.W3CHttpResponseCodec.createException(W3CHttpResponseCodec.java:187)
at org.openqa.selenium.remote.http.W3CHttpResponseCodec.decode(W3CHttpResponseCodec.java:122)
at org.openqa.selenium.remote.http.W3CHttpResponseCodec.decode(W3CHttpResponseCodec.java:49)
at org.openqa.selenium.remote.HttpCommandExecutor.execute(HttpCommandExecutor.java:158)
at org.openqa.selenium.remote.service.DriverCommandExecutor.execute(DriverCommandExecutor.java:83)
at org.openqa.selenium.remote.RemoteWebDriver.execute(RemoteWebDriver.java:552)
at org.openqa.selenium.remote.RemoteWebDriver.get(RemoteWebDriver.java:277)
at com.clearcode.utils.WebDriverUtils.launchUrl(WebDriverUtils.java:82)
at com.clearcode.testsuite.TestSetup.loadUrl(TestSetup.java:34)
at sun.reflect.NativeMethodAccessorImpl.invoke0(Native Method)
at sun.reflect.NativeMethodAccessorImpl.invoke(Unknown Source)
at sun.reflect.DelegatingMethodAccessorImpl.invoke(Unknown Source)
at java.lang.reflect.Method.invoke(Unknown Source)
at org.testng.internal.MethodInvocationHelper.invokeMethod(MethodInvocationHelper.java:133)
at org.testng.internal.MethodInvocationHelper.invokeMethodConsideringTimeout(MethodInvocationHelper.java:62)
at org.testng.internal.ConfigInvoker.invokeConfigurationMethod(ConfigInvoker.java:340)
at org.testng.internal.ConfigInvoker.invokeConfigurations(ConfigInvoker.java:294)
at org.testng.internal.TestInvoker.runConfigMethods(TestInvoker.java:683)
at org.testng.internal.TestInvoker.invokeMethod(TestInvoker.java:510)
at org.testng.internal.TestInvoker.invokeTestMethod(TestInvoker.java:172)
at org.testng.internal.MethodRunner.runInSequence(MethodRunner.java:46)
at org.testng.internal.TestInvoker$MethodInvocationAgent.invoke(TestInvoker.java:804)
at org.testng.internal.TestInvoker.invokeTestMethods(TestInvoker.java:145)
at org.testng.internal.TestMethodWorker.invokeTestMethods(TestMethodWorker.java:146)
at org.testng.internal.TestMethodWorker.run(TestMethodWorker.java:128)
at java.util.ArrayList.forEach(Unknown Source)
at org.testng.TestRunner.privateRun(TestRunner.java:770)
at org.testng.TestRunner.run(TestRunner.java:591)
at org.testng.SuiteRunner.runTest(SuiteRunner.java:402)
at org.testng.SuiteRunner.runSequentially(SuiteRunner.java:396)
at org.testng.SuiteRunner.privateRun(SuiteRunner.java:355)
at org.testng.SuiteRunner.run(SuiteRunner.java:304)
at org.testng.SuiteRunnerWorker.runSuite(SuiteRunnerWorker.java:53)
at org.testng.SuiteRunnerWorker.run(SuiteRunnerWorker.java:96)
at org.testng.TestNG.runSuitesSequentially(TestNG.java:1180)
at org.testng.TestNG.runSuitesLocally(TestNG.java:1102)
at org.testng.TestNG.runSuites(TestNG.java:1032)
at org.testng.TestNG.run(TestNG.java:1000)
at org.testng.remote.AbstractRemoteTestNG.run(AbstractRemoteTestNG.java:115)
at org.testng.remote.RemoteTestNG.initAndRun(RemoteTestNG.java:251)
at org.testng.remote.RemoteTestNG.main(RemoteTestNG.java:77)
]]>
    </failure>
  </testcase> <!-- @BeforeMethod loadUrl -->
  <testcase name="@BeforeMethod loadUrl" time="-1.59401376238E9" classname="com.clearcode.testsuite.TestSetup">
    <skipped/>
  </testcase> <!-- @BeforeMethod loadUrl -->
  <testcase name="@BeforeMethod loadUrl" time="-1.594013774434E9" classname="com.clearcode.testsuite.TestSetup">
    <skipped/>
  </testcase> <!-- @BeforeMethod loadUrl -->
  <testcase name="@BeforeMethod loadUrl" time="-1.594013786533E9" classname="com.clearcode.testsuite.TestSetup">
    <skipped/>
  </testcase> <!-- @BeforeMethod loadUrl -->
  <testcase name="@BeforeMethod loadUrl" time="-1.59401379857E9" classname="com.clearcode.testsuite.TestSetup">
    <skipped/>
  </testcase> <!-- @BeforeMethod loadUrl -->
  <testcase name="@BeforeMethod loadUrl" time="-1.594013810611E9" classname="com.clearcode.testsuite.TestSetup">
    <skipped/>
  </testcase> <!-- @BeforeMethod loadUrl -->
  <testcase name="@BeforeMethod loadUrl" time="-1.594013822674E9" classname="com.clearcode.testsuite.TestSetup">
    <skipped/>
  </testcase> <!-- @BeforeMethod loadUrl -->
  <testcase name="registerUser" time="11.714" classname="com.clearcode.testsuite.TestSuite1">
    <failure type="atu.testng.reports.exceptions.ATUReporterStepFailedException">
      <![CDATA[[ATU Custom Reporter Step Failed Exception]
at atu.testng.reports.ATUReports.stepFailureHandler(Unknown Source)
at atu.testng.reports.ATUReports.add(Unknown Source)
at com.clearcode.utils.WebDriverUtils.assertText(WebDriverUtils.java:235)
at com.clearcode.testsuite.TestSuite1.registerUser(TestSuite1.java:41)
at sun.reflect.NativeMethodAccessorImpl.invoke0(Native Method)
at sun.reflect.NativeMethodAccessorImpl.invoke(Unknown Source)
at sun.reflect.DelegatingMethodAccessorImpl.invoke(Unknown Source)
at java.lang.reflect.Method.invoke(Unknown Source)
at org.testng.internal.MethodInvocationHelper.invokeMethod(MethodInvocationHelper.java:133)
at org.testng.internal.TestInvoker.invokeMethod(TestInvoker.java:584)
at org.testng.internal.TestInvoker.invokeTestMethod(TestInvoker.java:172)
at org.testng.internal.MethodRunner.runInSequence(MethodRunner.java:46)
at org.testng.internal.TestInvoker$MethodInvocationAgent.invoke(TestInvoker.java:804)
at org.testng.internal.TestInvoker.invokeTestMethods(TestInvoker.java:145)
at org.testng.internal.TestMethodWorker.invokeTestMethods(TestMethodWorker.java:146)
at org.testng.internal.TestMethodWorker.run(TestMethodWorker.java:128)
at java.util.ArrayList.forEach(Unknown Source)
at org.testng.TestRunner.privateRun(TestRunner.java:770)
at org.testng.TestRunner.run(TestRunner.java:591)
at org.testng.SuiteRunner.runTest(SuiteRunner.java:402)
at org.testng.SuiteRunner.runSequentially(SuiteRunner.java:396)
at org.testng.SuiteRunner.privateRun(SuiteRunner.java:355)
at org.testng.SuiteRunner.run(SuiteRunner.java:304)
at org.testng.SuiteRunnerWorker.runSuite(SuiteRunnerWorker.java:53)
at org.testng.SuiteRunnerWorker.run(SuiteRunnerWorker.java:96)
at org.testng.TestNG.runSuitesSequentially(TestNG.java:1180)
at org.testng.TestNG.runSuitesLocally(TestNG.java:1102)
at org.testng.TestNG.runSuites(TestNG.java:1032)
at org.testng.TestNG.run(TestNG.java:1000)
at org.testng.remote.AbstractRemoteTestNG.run(AbstractRemoteTestNG.java:115)
at org.testng.remote.RemoteTestNG.initAndRun(RemoteTestNG.java:251)
at org.testng.remote.RemoteTestNG.main(RemoteTestNG.java:77)
]]>
    </failure>
  </testcase> <!-- registerUser -->
  <testcase name="registerUser" time="0.0" classname="com.clearcode.testsuite.TestSuite1">
    <skipped/>
  </testcase> <!-- registerUser -->
  <testcase name="registerUser" time="0.0" classname="com.clearcode.testsuite.TestSuite1">
    <skipped/>
  </testcase> <!-- registerUser -->
  <testcase name="registerUser" time="0.0" classname="com.clearcode.testsuite.TestSuite1">
    <skipped/>
  </testcase> <!-- registerUser -->
  <testcase name="NegativeLogin" time="0.0" classname="com.clearcode.testsuite.TestSuite1">
    <skipped/>
  </testcase> <!-- NegativeLogin -->
  <testcase name="NegativeLogin" time="0.0" classname="com.clearcode.testsuite.TestSuite1">
    <skipped/>
  </testcase> <!-- NegativeLogin -->
  <testcase name="NegativeLogin" time="0.0" classname="com.clearcode.testsuite.TestSuite1">
    <skipped/>
  </testcase> <!-- NegativeLogin -->
  <testcase name="NegativeLogin" time="0.0" classname="com.clearcode.testsuite.TestSuite1">
    <skipped/>
  </testcase> <!-- NegativeLogin -->
</testsuite> <!-- Default test -->
